生成启动时间为 2018/8/21 16:37:10。
     1>项目“C:\Users\zhxing\Desktop\DIP\opencv_c++\haze_move\videostabilization\videostabilization.vcxproj”在节点 3 上(Rebuild 个目标)。
     1>ClCompile:
         C:\Program Files (x86)\Microsoft Visual Studio 14.0\VC\bin\x86_amd64\CL.exe /c /Zi /nologo /W3 /WX- /sdl /O2 /Oi /GL /D _MBCS /Gm- /EHsc /MD /GS /Gy /fp:precise /Zc:wchar_t /Zc:forScope /Zc:inline /Fo"x64\Release\\" /Fd"x64\Release\vc140.pdb" /Gd /TP /errorReport:prompt main.cpp template_match.cpp template_match.hpp
         main.cpp
     1>main.cpp(16): warning C4244: “初始化”: 从“double”转换到“int”，可能丢失数据
     1>main.cpp(17): warning C4244: “初始化”: 从“double”转换到“int”，可能丢失数据
     1>main.cpp(18): warning C4244: “初始化”: 从“double”转换到“int”，可能丢失数据
         template_match.cpp
     1>template_match.cpp(16): warning C4244: “=”: 从“double”转换到“int”，可能丢失数据
     1>template_match.cpp(17): warning C4244: “=”: 从“double”转换到“int”，可能丢失数据
         template_match.hpp
       Link:
         C:\Program Files (x86)\Microsoft Visual Studio 14.0\VC\bin\x86_amd64\link.exe /ERRORREPORT:PROMPT /OUT:"C:\Users\zhxing\Desktop\DIP\opencv_c++\haze_move\x64\Release\videostabilization.exe" /NOLOGO opencv_world330.lib opencv_world330d.lib kernel32.lib user32.lib gdi32.lib winspool.lib comdlg32.lib advapi32.lib shell32.lib ole32.lib oleaut32.lib uuid.lib odbc32.lib odbccp32.lib /MANIFEST /MANIFESTUAC:"level='asInvoker' uiAccess='false'" /manifest:embed /Debug /PDB:"C:\Users\zhxing\Desktop\DIP\opencv_c++\haze_move\x64\Release\videostabilization.pdb" /OPT:REF /OPT:ICF /LTCG:incremental /TLBID:1 /DYNAMICBASE /NXCOMPAT /IMPLIB:"C:\Users\zhxing\Desktop\DIP\opencv_c++\haze_move\x64\Release\videostabilization.lib" /MACHINE:X64 x64\Release\main.obj
         x64\Release\template_match.obj
         x64\Release\template_match.obj
     1>x64\Release\template_match.obj : warning LNK4042: 对象被多次指定；已忽略多余的指定
         正在生成代码
         All 324 functions were compiled because no usable IPDB/IOBJ from previous compilation was found.
         已完成代码的生成
         videostabilization.vcxproj -> C:\Users\zhxing\Desktop\DIP\opencv_c++\haze_move\x64\Release\videostabilization.exe
     1>已完成生成项目“C:\Users\zhxing\Desktop\DIP\opencv_c++\haze_move\videostabilization\videostabilization.vcxproj”(Rebuild 个目标)的操作。

已成功生成。

已用时间 00:00:16.22
