生成启动时间为 2018/7/25 16:44:06。
     1>项目“C:\Users\zhxing\Desktop\DIP\opencv_c++\haze_move\haze_move\haze_move.vcxproj”在节点 2 上(Build 个目标)。
     1>ClCompile:
         C:\Program Files (x86)\Microsoft Visual Studio 14.0\VC\bin\x86_amd64\CL.exe /c /ZI /nologo /W3 /WX- /sdl /Od /D _MBCS /Gm /EHsc /RTC1 /MDd /GS /fp:precise /Zc:wchar_t /Zc:forScope /Zc:inline /Fo"x64\Debug\\" /Fd"x64\Debug\vc140.pdb" /Gd /TP /errorReport:prompt foge_move.cpp main.cpp
         main.cpp
     1>c:\users\zhxing\desktop\dip\opencv_c++\haze_move\haze_move\main.cpp(18): warning C4305: “参数”: 从“int”到“bool”截断
     1>c:\users\zhxing\desktop\dip\opencv_c++\haze_move\haze_move\main.cpp(14): warning C4101: “e”: 未引用的局部变量
         foge_move.cpp
     1>c:\users\zhxing\desktop\dip\opencv_c++\haze_move\haze_move\foge_move.cpp(124): warning C4838: 从“double”转换到“float”需要收缩转换
     1>c:\users\zhxing\desktop\dip\opencv_c++\haze_move\haze_move\foge_move.cpp(124): warning C4244: “初始化”: 从“double”转换到“float”，可能丢失数据
     1>c:\users\zhxing\desktop\dip\opencv_c++\haze_move\haze_move\foge_move.cpp(135): warning C4244: “参数”: 从“size_t”转换到“double”，可能丢失数据
     1>c:\users\zhxing\desktop\dip\opencv_c++\haze_move\haze_move\foge_move.cpp(180): warning C4244: “参数”: 从“double”转换到“int”，可能丢失数据
     1>c:\users\zhxing\desktop\dip\opencv_c++\haze_move\haze_move\foge_move.cpp(392): warning C4838: 从“double”转换到“float”需要收缩转换
     1>c:\users\zhxing\desktop\dip\opencv_c++\haze_move\haze_move\foge_move.cpp(392): warning C4244: “初始化”: 从“double”转换到“float”，可能丢失数据
     1>c:\users\zhxing\desktop\dip\opencv_c++\haze_move\haze_move\foge_move.cpp(401): warning C4244: “参数”: 从“size_t”转换到“double”，可能丢失数据
         正在生成代码...
       Link:
         C:\Program Files (x86)\Microsoft Visual Studio 14.0\VC\bin\x86_amd64\link.exe /ERRORREPORT:PROMPT /OUT:"C:\Users\zhxing\Desktop\DIP\opencv_c++\haze_move\x64\Debug\haze_move.exe" /INCREMENTAL /NOLOGO opencv_world330.lib opencv_world330d.lib kernel32.lib user32.lib gdi32.lib winspool.lib comdlg32.lib advapi32.lib shell32.lib ole32.lib oleaut32.lib uuid.lib odbc32.lib odbccp32.lib /MANIFEST /MANIFESTUAC:"level='asInvoker' uiAccess='false'" /manifest:embed /Debug /PDB:"C:\Users\zhxing\Desktop\DIP\opencv_c++\haze_move\x64\Debug\haze_move.pdb" /SUBSYSTEM:CONSOLE /TLBID:1 /DYNAMICBASE /NXCOMPAT /IMPLIB:"C:\Users\zhxing\Desktop\DIP\opencv_c++\haze_move\x64\Debug\haze_move.lib" /MACHINE:X64 x64\Debug\foge_move.obj
         x64\Debug\main.obj
         haze_move.vcxproj -> C:\Users\zhxing\Desktop\DIP\opencv_c++\haze_move\x64\Debug\haze_move.exe
     1>已完成生成项目“C:\Users\zhxing\Desktop\DIP\opencv_c++\haze_move\haze_move\haze_move.vcxproj”(Build 个目标)的操作。

已成功生成。

已用时间 00:00:03.19
