生成启动时间为 2018/8/21 18:56:20。
     1>项目“C:\Users\zhxing\Desktop\DIP\opencv_c++\haze_move\FaseDeFog\FaseDeFog.vcxproj”在节点 2 上(Build 个目标)。
     1>ClCompile:
         C:\Program Files (x86)\Microsoft Visual Studio 14.0\VC\bin\x86_amd64\CL.exe /c /Zi /nologo /W3 /WX- /sdl /O2 /Oi /GL /D _MBCS /Gm- /EHsc /MD /GS /Gy /fp:precise /Zc:wchar_t /Zc:forScope /Zc:inline /Fo"x64\Release\\" /Fd"x64\Release\vc140.pdb" /Gd /TP /errorReport:prompt main.cpp
         main.cpp
     1>c:\users\zhxing\desktop\dip\opencv_c++\haze_move\fasedefog\FastDehaze.h(122): warning C4244: “初始化”: 从“double”转换到“float”，可能丢失数据
     1>c:\users\zhxing\desktop\dip\opencv_c++\haze_move\fasedefog\FastDehaze.h(166): warning C4244: “=”: 从“double”转换到“float”，可能丢失数据
     1>c:\users\zhxing\desktop\dip\opencv_c++\haze_move\fasedefog\FastDehaze.h(189): warning C4244: “=”: 从“double”转换到“unsigned char”，可能丢失数据
     1>c:\users\zhxing\desktop\dip\opencv_c++\haze_move\fasedefog\FastDehaze.h(204): warning C4244: “参数”: 从“const double”转换到“float”，可能丢失数据
     1>main.cpp(11): warning C4101: “end”: 未引用的局部变量
       Link:
         C:\Program Files (x86)\Microsoft Visual Studio 14.0\VC\bin\x86_amd64\link.exe /ERRORREPORT:PROMPT /OUT:"C:\Users\zhxing\Desktop\DIP\opencv_c++\haze_move\x64\Release\FaseDeFog.exe" /NOLOGO opencv_world330.lib opencv_world330d.lib kernel32.lib user32.lib gdi32.lib winspool.lib comdlg32.lib advapi32.lib shell32.lib ole32.lib oleaut32.lib uuid.lib odbc32.lib odbccp32.lib /MANIFEST /MANIFESTUAC:"level='asInvoker' uiAccess='false'" /manifest:embed /Debug /PDB:"C:\Users\zhxing\Desktop\DIP\opencv_c++\haze_move\x64\Release\FaseDeFog.pdb" /SUBSYSTEM:CONSOLE /OPT:REF /OPT:ICF /LTCG:incremental /TLBID:1 /DYNAMICBASE /NXCOMPAT /IMPLIB:"C:\Users\zhxing\Desktop\DIP\opencv_c++\haze_move\x64\Release\FaseDeFog.lib" /MACHINE:X64 x64\Release\main.obj
         正在生成代码
         0 of 203 functions ( 0.0%) were compiled, the rest were copied from previous compilation.
           0 functions were new in current compilation
           0 functions had inline decision re-evaluated but remain unchanged
         已完成代码的生成
         FaseDeFog.vcxproj -> C:\Users\zhxing\Desktop\DIP\opencv_c++\haze_move\x64\Release\FaseDeFog.exe
     1>已完成生成项目“C:\Users\zhxing\Desktop\DIP\opencv_c++\haze_move\FaseDeFog\FaseDeFog.vcxproj”(Build 个目标)的操作。

已成功生成。

已用时间 00:00:02.56
