MAIN.obj : error LNK2001: 无法解析的外部符号 "int __cdecl cv::createTrackbar(class cv::String const &,class cv::String const &,int *,int,void (__cdecl*)(int,void *),void *)" (?createTrackbar@cv@@YAHABVString@1@0PAHHP6AXHPAX@Z2@Z)
MAIN.obj : error LNK2001: 无法解析的外部符号 "void __cdecl cv::imshow(class cv::String const &,class cv::_InputArray const &)" (?imshow@cv@@YAXABVString@1@ABV_InputArray@1@@Z)
MAIN.obj : error LNK2001: 无法解析的外部符号 "void __cdecl cv::blur(class cv::_InputArray const &,class cv::_OutputArray const &,class cv::Size_<int>,class cv::Point_<int>,int)" (?blur@cv@@YAXABV_InputArray@1@ABV_OutputArray@1@V?$Size_@H@1@V?$Point_@H@1@H@Z)
MAIN.obj : error LNK2001: 无法解析的外部符号 "void __cdecl cv::namedWindow(class cv::String const &,int)" (?namedWindow@cv@@YAXABVString@1@H@Z)
MAIN.obj : error LNK2001: 无法解析的外部符号 "public: void __thiscall cv::Mat::copySize(class cv::Mat const &)" (?copySize@Mat@cv@@QAEXABV12@@Z)
MAIN.obj : error LNK2001: 无法解析的外部符号 "public: void __thiscall cv::Mat::deallocate(void)" (?deallocate@Mat@cv@@QAEXXZ)
MAIN.obj : error LNK2001: 无法解析的外部符号 "public: void __thiscall cv::Mat::copyTo(class cv::_OutputArray const &)const " (?copyTo@Mat@cv@@QBEXABV_OutputArray@2@@Z)
MAIN.obj : error LNK2001: 无法解析的外部符号 "void __cdecl cv::boxFilter(class cv::_InputArray const &,class cv::_OutputArray const &,int,class cv::Size_<int>,class cv::Point_<int>,bool,int)" (?boxFilter@cv@@YAXABV_InputArray@1@ABV_OutputArray@1@HV?$Size_@H@1@V?$Point_@H@1@_NH@Z)
MAIN.obj : error LNK2001: 无法解析的外部符号 "public: virtual void __thiscall cv::_OutputArray::setTo(class cv::_InputArray const &,class cv::_InputArray const &)const " (?setTo@_OutputArray@cv@@UBEXABV_InputArray@2@0@Z)
MAIN.obj : error LNK2001: 无法解析的外部符号 "public: virtual void __thiscall cv::_OutputArray::clear(void)const " (?clear@_OutputArray@cv@@UBEXXZ)
MAIN.obj : error LNK2001: 无法解析的外部符号 "public: virtual void __thiscall cv::_OutputArray::release(void)const " (?release@_OutputArray@cv@@UBEXXZ)
MAIN.obj : error LNK2001: 无法解析的外部符号 "public: virtual void __thiscall cv::_OutputArray::createSameSize(class cv::_InputArray const &,int)const " (?createSameSize@_OutputArray@cv@@UBEXABV_InputArray@2@H@Z)
MAIN.obj : error LNK2001: 无法解析的外部符号 "public: virtual void __thiscall cv::_OutputArray::create(class cv::Size_<int>,int,int,bool,int)const " (?create@_OutputArray@cv@@UBEXV?$Size_@H@2@HH_NH@Z)
MAIN.obj : error LNK2001: 无法解析的外部符号 "public: virtual void __thiscall cv::_OutputArray::create(int,int,int,int,bool,int)const " (?create@_OutputArray@cv@@UBEXHHHH_NH@Z)
MAIN.obj : error LNK2001: 无法解析的外部符号 "public: virtual void __thiscall cv::_OutputArray::create(int,int const *,int,int,bool,int)const " (?create@_OutputArray@cv@@UBEXHPBHHH_NH@Z)
MAIN.obj : error LNK2001: 无法解析的外部符号 "public: virtual class cv::cuda::CudaMem & __thiscall cv::_OutputArray::getCudaMemRef(void)const " (?getCudaMemRef@_OutputArray@cv@@UBEAAVCudaMem@cuda@2@XZ)
MAIN.obj : error LNK2001: 无法解析的外部符号 "public: virtual class cv::ogl::Buffer & __thiscall cv::_OutputArray::getOGlBufferRef(void)const " (?getOGlBufferRef@_OutputArray@cv@@UBEAAVBuffer@ogl@2@XZ)
MAIN.obj : error LNK2001: 无法解析的外部符号 "public: virtual class cv::cuda::GpuMat & __thiscall cv::_OutputArray::getGpuMatRef(void)const " (?getGpuMatRef@_OutputArray@cv@@UBEAAVGpuMat@cuda@2@XZ)
MAIN.obj : error LNK2001: 无法解析的外部符号 "public: virtual class cv::UMat & __thiscall cv::_OutputArray::getUMatRef(int)const " (?getUMatRef@_OutputArray@cv@@UBEAAVUMat@2@H@Z)
MAIN.obj : error LNK2001: 无法解析的外部符号 "public: virtual class cv::Mat & __thiscall cv::_OutputArray::getMatRef(int)const " (?getMatRef@_OutputArray@cv@@UBEAAVMat@2@H@Z)
MAIN.obj : error LNK2001: 无法解析的外部符号 "public: virtual bool __thiscall cv::_OutputArray::needed(void)const " (?needed@_OutputArray@cv@@UBE_NXZ)
MAIN.obj : error LNK2001: 无法解析的外部符号 "public: virtual bool __thiscall cv::_OutputArray::fixedType(void)const " (?fixedType@_OutputArray@cv@@UBE_NXZ)
MAIN.obj : error LNK2001: 无法解析的外部符号 "public: virtual bool __thiscall cv::_OutputArray::fixedSize(void)const " (?fixedSize@_OutputArray@cv@@UBE_NXZ)
MAIN.obj : error LNK2001: 无法解析的外部符号 "void __cdecl cv::GaussianBlur(class cv::_InputArray const &,class cv::_OutputArray const &,class cv::Size_<int>,double,double,int)" (?GaussianBlur@cv@@YAXABV_InputArray@1@ABV_OutputArray@1@V?$Size_@H@1@NNH@Z)
MAIN.obj : error LNK2001: 无法解析的外部符号 "void __cdecl cv::fastFree(void *)" (?fastFree@cv@@YAXPAX@Z)
MAIN.obj : error LNK2001: 无法解析的外部符号 "class cv::Mat __cdecl cv::imread(class cv::String const &,int)" (?imread@cv@@YA?AVMat@1@ABVString@1@H@Z)
MAIN.obj : error LNK2001: 无法解析的外部符号 "void __cdecl cv::bilateralFilter(class cv::_InputArray const &,class cv::_OutputArray const &,int,double,double,int)" (?bilateralFilter@cv@@YAXABV_InputArray@1@ABV_OutputArray@1@HNNH@Z)
MAIN.obj : error LNK2001: 无法解析的外部符号 "private: void __thiscall cv::String::deallocate(void)" (?deallocate@String@cv@@AAEXXZ)
MAIN.obj : error LNK2001: 无法解析的外部符号 "private: char * __thiscall cv::String::allocate(unsigned int)" (?allocate@String@cv@@AAEPADI@Z)
MAIN.obj : error LNK2001: 无法解析的外部符号 "public: virtual unsigned int __thiscall cv::_InputArray::step(int)const " (?step@_InputArray@cv@@UBEIH@Z)
MAIN.obj : error LNK2001: 无法解析的外部符号 "public: virtual unsigned int __thiscall cv::_InputArray::offset(int)const " (?offset@_InputArray@cv@@UBEIH@Z)
MAIN.obj : error LNK2001: 无法解析的外部符号 "public: virtual void __thiscall cv::_InputArray::copyTo(class cv::_OutputArray const &)const " (?copyTo@_InputArray@cv@@UBEXABV_OutputArray@2@@Z)
MAIN.obj : error LNK2001: 无法解析的外部符号 "public: virtual void __thiscall cv::_InputArray::copyTo(class cv::_OutputArray const &,class cv::_InputArray const &)const " (?copyTo@_InputArray@cv@@UBEXABV_OutputArray@2@ABV12@@Z)
MAIN.obj : error LNK2001: 无法解析的外部符号 "public: virtual bool __thiscall cv::_InputArray::empty(void)const " (?empty@_InputArray@cv@@UBE_NXZ)
MAIN.obj : error LNK2001: 无法解析的外部符号 "public: virtual bool __thiscall cv::_InputArray::isSubmatrix(int)const " (?isSubmatrix@_InputArray@cv@@UBE_NH@Z)
MAIN.obj : error LNK2001: 无法解析的外部符号 "public: virtual bool __thiscall cv::_InputArray::isContinuous(int)const " (?isContinuous@_InputArray@cv@@UBE_NH@Z)
MAIN.obj : error LNK2001: 无法解析的外部符号 "public: virtual int __thiscall cv::_InputArray::channels(int)const " (?channels@_InputArray@cv@@UBEHH@Z)
MAIN.obj : error LNK2001: 无法解析的外部符号 "public: virtual int __thiscall cv::_InputArray::depth(int)const " (?depth@_InputArray@cv@@UBEHH@Z)
MAIN.obj : error LNK2001: 无法解析的外部符号 "public: virtual int __thiscall cv::_InputArray::type(int)const " (?type@_InputArray@cv@@UBEHH@Z)
MAIN.obj : error LNK2001: 无法解析的外部符号 "public: virtual unsigned int __thiscall cv::_InputArray::total(int)const " (?total@_InputArray@cv@@UBEIH@Z)
MAIN.obj : error LNK2001: 无法解析的外部符号 "public: virtual bool __thiscall cv::_InputArray::sameSize(class cv::_InputArray const &)const " (?sameSize@_InputArray@cv@@UBE_NABV12@@Z)
MAIN.obj : error LNK2001: 无法解析的外部符号 "public: virtual int __thiscall cv::_InputArray::sizend(int *,int)const " (?sizend@_InputArray@cv@@UBEHPAHH@Z)
MAIN.obj : error LNK2001: 无法解析的外部符号 "public: virtual class cv::Size_<int> __thiscall cv::_InputArray::size(int)const " (?size@_InputArray@cv@@UBE?AV?$Size_@H@2@H@Z)
MAIN.obj : error LNK2001: 无法解析的外部符号 "public: virtual int __thiscall cv::_InputArray::rows(int)const " (?rows@_InputArray@cv@@UBEHH@Z)
MAIN.obj : error LNK2001: 无法解析的外部符号 "public: virtual int __thiscall cv::_InputArray::cols(int)const " (?cols@_InputArray@cv@@UBEHH@Z)
MAIN.obj : error LNK2001: 无法解析的外部符号 "public: virtual int __thiscall cv::_InputArray::dims(int)const " (?dims@_InputArray@cv@@UBEHH@Z)
MAIN.obj : error LNK2001: 无法解析的外部符号 "public: virtual int __thiscall cv::_InputArray::kind(void)const " (?kind@_InputArray@cv@@UBEHXZ)
MAIN.obj : error LNK2001: 无法解析的外部符号 "public: virtual class cv::ogl::Buffer __thiscall cv::_InputArray::getOGlBuffer(void)const " (?getOGlBuffer@_InputArray@cv@@UBE?AVBuffer@ogl@2@XZ)
MAIN.obj : error LNK2001: 无法解析的外部符号 "public: virtual class cv::cuda::GpuMat __thiscall cv::_InputArray::getGpuMat(void)const " (?getGpuMat@_InputArray@cv@@UBE?AVGpuMat@cuda@2@XZ)
MAIN.obj : error LNK2001: 无法解析的外部符号 "public: virtual void __thiscall cv::_InputArray::getUMatVector(class std::vector<class cv::UMat,class std::allocator<class cv::UMat> > &)const " (?getUMatVector@_InputArray@cv@@UBEXAAV?$vector@VUMat@cv@@V?$allocator@VUMat@cv@@@std@@@std@@@Z)
MAIN.obj : error LNK2001: 无法解析的外部符号 "public: virtual void __thiscall cv::_InputArray::getMatVector(class std::vector<class cv::Mat,class std::allocator<class cv::Mat> > &)const " (?getMatVector@_InputArray@cv@@UBEXAAV?$vector@VMat@cv@@V?$allocator@VMat@cv@@@std@@@std@@@Z)
MAIN.obj : error LNK2001: 无法解析的外部符号 "public: virtual class cv::UMat __thiscall cv::_InputArray::getUMat(int)const " (?getUMat@_InputArray@cv@@UBE?AVUMat@2@H@Z)
MAIN.obj : error LNK2001: 无法解析的外部符号 "public: virtual class cv::Mat __thiscall cv::_InputArray::getMat(int)const " (?getMat@_InputArray@cv@@UBE?AVMat@2@H@Z)
MAIN.obj : error LNK2001: 无法解析的外部符号 "int __cdecl cv::waitKey(int)" (?waitKey@cv@@YAHH@Z)
MAIN.obj : error LNK2001: 无法解析的外部符号 "void __cdecl cv::medianBlur(class cv::_InputArray const &,class cv::_OutputArray const &,int)" (?medianBlur@cv@@YAXABV_InputArray@1@ABV_OutputArray@1@H@Z)
C:\Users\zh_xing\Desktop\opencv\lvbo\Release\lvbo.exe : fatal error LNK1120: 55 个无法解析的外部命令
