生成启动时间为 2018/8/21 16:37:09。
     1>项目“C:\Users\zhxing\Desktop\DIP\opencv_c++\haze_move\haze_move\haze_move.vcxproj”在节点 2 上(Rebuild 个目标)。
     1>ClCompile:
         C:\Program Files (x86)\Microsoft Visual Studio 14.0\VC\bin\x86_amd64\CL.exe /c /Zi /nologo /W3 /WX- /sdl /O2 /Oi /GL /D _MBCS /Gm- /EHsc /MD /GS /Gy /fp:precise /Zc:wchar_t /Zc:forScope /Zc:inline /Fo"x64\Release\\" /Fd"x64\Release\vc140.pdb" /Gd /TP /errorReport:prompt foge_move.cpp main.cpp
         foge_move.cpp
     1>foge_move.cpp(124): warning C4838: 从“double”转换到“float”需要收缩转换
     1>foge_move.cpp(124): warning C4244: “初始化”: 从“double”转换到“float”，可能丢失数据
     1>foge_move.cpp(135): warning C4244: “参数”: 从“size_t”转换到“double”，可能丢失数据
     1>foge_move.cpp(180): warning C4244: “参数”: 从“double”转换到“int”，可能丢失数据
     1>foge_move.cpp(392): warning C4838: 从“double”转换到“float”需要收缩转换
     1>foge_move.cpp(392): warning C4244: “初始化”: 从“double”转换到“float”，可能丢失数据
     1>foge_move.cpp(401): warning C4244: “参数”: 从“size_t”转换到“double”，可能丢失数据
         main.cpp
     1>main.cpp(22): warning C4305: “参数”: 从“int”到“bool”截断
     1>main.cpp(14): warning C4101: “e”: 未引用的局部变量
       Link:
         C:\Program Files (x86)\Microsoft Visual Studio 14.0\VC\bin\x86_amd64\link.exe /ERRORREPORT:PROMPT /OUT:"C:\Users\zhxing\Desktop\DIP\opencv_c++\haze_move\x64\Release\haze_move.exe" /NOLOGO opencv_world330.lib opencv_world330d.lib kernel32.lib user32.lib gdi32.lib winspool.lib comdlg32.lib advapi32.lib shell32.lib ole32.lib oleaut32.lib uuid.lib odbc32.lib odbccp32.lib /MANIFEST /MANIFESTUAC:"level='asInvoker' uiAccess='false'" /manifest:embed /Debug /PDB:"C:\Users\zhxing\Desktop\DIP\opencv_c++\haze_move\x64\Release\haze_move.pdb" /SUBSYSTEM:CONSOLE /OPT:REF /OPT:ICF /LTCG:incremental /TLBID:1 /DYNAMICBASE /NXCOMPAT /IMPLIB:"C:\Users\zhxing\Desktop\DIP\opencv_c++\haze_move\x64\Release\haze_move.lib" /MACHINE:X64 x64\Release\foge_move.obj
         x64\Release\main.obj
         正在生成代码
         All 221 functions were compiled because no usable IPDB/IOBJ from previous compilation was found.
         已完成代码的生成
         haze_move.vcxproj -> C:\Users\zhxing\Desktop\DIP\opencv_c++\haze_move\x64\Release\haze_move.exe
     1>已完成生成项目“C:\Users\zhxing\Desktop\DIP\opencv_c++\haze_move\haze_move\haze_move.vcxproj”(Rebuild 个目标)的操作。

已成功生成。

已用时间 00:00:07.68
